<?xml version="1.0" encoding="UTF-8" ?>
<testsuite errors="0" failures="1" hostname="YUHMA-CN" name="UITestCases.MigrateJobs.StartJobConcurrentlyAnotherUser" skipped="0" tests="1" time="71.894" timestamp="2017-06-15T08:28:01">
  <properties>
[...]
</properties>
  <testcase classname="UITestCases.MigrateJobs.StartJobConcurrentlyAnotherUser" name="test" time="63.43">
    <failure type="junit.framework.AssertionFailedError">junit.framework.AssertionFailedError
	at framework.sharedFunctions.Finish.fail1(Finish.java:45)
	at UITestCases.BaseTestCase.fail1(BaseTestCase.java:149)
	at UITestCases.MigrateJobs.StartJobConcurrentlyAnotherUser.test(StartJobConcurrentlyAnotherUser.java:199)
</failure>
  </testcase>
  <system-out><![CDATA[16:28:01.523 [main] framework.global.Configuration.init(Configuration.java:63)evel Oracle Migration Service Cloud Auto Initializing...
16:28:01.536 [main] framework.global.Configuration.parseXML(Configuration.java:774)evel Reading omscle Migration Service Cloud server and Hardware info...
16:28:01.538 [main] framework.global.Configuration.parseXML(Configuration.java:804)evel ServerConfig.xml is parsed successfully.
16:28:01.538 [main] framework.global.Configuration.getlibrarydata(Configuration.java:960)evel Set omscSrvConfig successfully.
16:28:01.539 [main] framework.global.Configuration.getdrivedata(Configuration.java:1016)evel Set Drives omscDrives[][] successfully.
16:28:01.539 [main] framework.global.Configuration.getvolumedata(Configuration.java:1071)evel Set Volumes omscVolumes[][] successfully.
16:28:01.582 [main] framework.sharedFunctions.Initialize.init(Initialize.java:34)evel OmscAuto Initializing...
16:28:01.585 [main] framework.global.Configuration.init(Configuration.java:63)evel Oracle Migration Service Cloud Auto Initializing...
16:28:01.590 [main] framework.global.Configuration.parseXML(Configuration.java:774)evel Reading omscle Migration Service Cloud server and Hardware info...
16:28:01.590 [main] framework.global.Configuration.parseXML(Configuration.java:804)evel ServerConfig.xml is parsed successfully.
16:28:01.591 [main] framework.global.Configuration.getlibrarydata(Configuration.java:960)evel Set omscSrvConfig successfully.
16:28:01.591 [main] framework.global.Configuration.getdrivedata(Configuration.java:1016)evel Set Drives omscDrives[][] successfully.
16:28:01.591 [main] framework.global.Configuration.getvolumedata(Configuration.java:1071)evel Set Volumes omscVolumes[][] successfully.
16:28:01.591 [main] UITestCases.MigrateJobs.StartJobConcurrentlyAnotherUser.setUpBeforeClass(StartJobConcurrentlyAnotherUser.java:32)evel Open Oracle Migration Service page:
16:28:10.044 [main] UITestCases.MigrateJobs.StartJobConcurrentlyAnotherUser.test(StartJobConcurrentlyAnotherUser.java:72)evel Log in OMS
16:28:10.045 [main] framework.objects.OMSSrvConfig.getUIAnotherUserUserName(OMSSrvConfig.java:203)evel Get UIAnotherUserUserName <demouser2> successfully.
16:28:10.150 [main] framework.objects.OMSSrvConfig.getUIAnotherUserPassword(OMSSrvConfig.java:212)evel Get UIAnotherUserPassword <welcome1> successfully.
16:28:15.308 [main] UITestCases.MigrateJobs.StartJobConcurrentlyAnotherUser.test(StartJobConcurrentlyAnotherUser.java:77)evel Go to Migration Jobs page
16:28:20.380 [main] UITestCases.MigrateJobs.StartJobConcurrentlyAnotherUser.test(StartJobConcurrentlyAnotherUser.java:82)evel New One Migration Job
16:28:20.444 [main] UITestCases.MigrateJobs.StartJobConcurrentlyAnotherUser.test(StartJobConcurrentlyAnotherUser.java:86)evel Input Job Details
16:28:21.016 [main] UITestCases.MigrateJobs.StartJobConcurrentlyAnotherUser.test(StartJobConcurrentlyAnotherUser.java:92)evel Input Source Information
16:28:21.427 [main] UITestCases.MigrateJobs.StartJobConcurrentlyAnotherUser.test(StartJobConcurrentlyAnotherUser.java:98)evel Select one more schema
16:29:06.787 [main] exception.UnExpectedException.<init>(UnExpectedException.java:19)evel Errors on verification.
16:29:06.787 [main] exception.UnExpectedException.<init>(UnExpectedException.java:20)evel 20170615-162906_UITestCases.MigrateJobs.StartJobConcurrentlyAnotherUser.png
16:29:06.789 [main] exception.UnExpectedException.<init>(UnExpectedException.java:21)evel no such element: Unable to locate element: {"method":"xpath","selector":".//*[@id='source_schema_List']/tbody/tr[1]/td[3]"}
  (Session info: chrome=58.0.3029.110)
  (Driver info: chromedriver=2.28.455520 (cc17746adff54984afff480136733114c6b3704b),platform=Windows NT 6.1.7601 SP1 x86_64) (WARNING: The server did not provide any stacktrace information)
Command duration or timeout: 30.02 seconds
For documentation on this error, please visit: http://seleniumhq.org/exceptions/no_such_element.html
Build info: version: '3.3.1', revision: '5234b32', time: '2017-03-10 09:04:52 -0800'
System info: host: 'YUHMA-CN', ip: '10.182.37.107', os.name: 'Windows 7', os.arch: 'amd64', os.version: '6.1', java.version: '1.8.0_112'
Driver info: org.openqa.selenium.chrome.ChromeDriver
Capabilities [{applicationCacheEnabled=false, rotatable=false, mobileEmulationEnabled=false, networkConnectionEnabled=false, chrome={chromedriverVersion=2.28.455520 (cc17746adff54984afff480136733114c6b3704b), userDataDir=C:\Users\yuhma\AppData\Local\Temp\scoped_dir33960_2175}, takesHeapSnapshot=true, pageLoadStrategy=normal, databaseEnabled=false, handlesAlerts=true, hasTouchScreen=false, version=58.0.3029.110, platform=XP, browserConnectionEnabled=false, nativeEvents=true, acceptSslCerts=true, locationContextEnabled=true, webStorageEnabled=true, browserName=chrome, takesScreenshot=true, javascriptEnabled=true, cssSelectorsEnabled=true, unexpectedAlertBehaviour=}]
Session ID: 5709adc6a266fb5d3a8a533277548aa7
*** Element info: {Using=xpath, value=.//*[@id='source_schema_List']/tbody/tr[1]/td[3]}
org.openqa.selenium.NoSuchElementException: no such element: Unable to locate element: {"method":"xpath","selector":".//*[@id='source_schema_List']/tbody/tr[1]/td[3]"}
  (Session info: chrome=58.0.3029.110)
  (Driver info: chromedriver=2.28.455520 (cc17746adff54984afff480136733114c6b3704b),platform=Windows NT 6.1.7601 SP1 x86_64) (WARNING: The server did not provide any stacktrace information)
Command duration or timeout: 30.02 seconds
For documentation on this error, please visit: http://seleniumhq.org/exceptions/no_such_element.html
Build info: version: '3.3.1', revision: '5234b32', time: '2017-03-10 09:04:52 -0800'
System info: host: 'YUHMA-CN', ip: '10.182.37.107', os.name: 'Windows 7', os.arch: 'amd64', os.version: '6.1', java.version: '1.8.0_112'
Driver info: org.openqa.selenium.chrome.ChromeDriver
Capabilities [{applicationCacheEnabled=false, rotatable=false, mobileEmulationEnabled=false, networkConnectionEnabled=false, chrome={chromedriverVersion=2.28.455520 (cc17746adff54984afff480136733114c6b3704b), userDataDir=C:\Users\yuhma\AppData\Local\Temp\scoped_dir33960_2175}, takesHeapSnapshot=true, pageLoadStrategy=normal, databaseEnabled=false, handlesAlerts=true, hasTouchScreen=false, version=58.0.3029.110, platform=XP, browserConnectionEnabled=false, nativeEvents=true, acceptSslCerts=true, locationContextEnabled=true, webStorageEnabled=true, browserName=chrome, takesScreenshot=true, javascriptEnabled=true, cssSelectorsEnabled=true, unexpectedAlertBehaviour=}]
Session ID: 5709adc6a266fb5d3a8a533277548aa7
*** Element info: {Using=xpath, value=.//*[@id='source_schema_List']/tbody/tr[1]/td[3]}
	at sun.reflect.NativeConstructorAccessorImpl.newInstance0(Native Method)
	at sun.reflect.NativeConstructorAccessorImpl.newInstance(NativeConstructorAccessorImpl.java:62)
	at sun.reflect.DelegatingConstructorAccessorImpl.newInstance(DelegatingConstructorAccessorImpl.java:45)
	at java.lang.reflect.Constructor.newInstance(Constructor.java:423)
	at org.openqa.selenium.remote.ErrorHandler.createThrowable(ErrorHandler.java:216)
	at org.openqa.selenium.remote.ErrorHandler.throwIfResponseFailed(ErrorHandler.java:168)
	at org.openqa.selenium.remote.RemoteWebDriver.execute(RemoteWebDriver.java:638)
	at org.openqa.selenium.remote.RemoteWebDriver.findElement(RemoteWebDriver.java:371)
	at org.openqa.selenium.remote.RemoteWebDriver.findElementByXPath(RemoteWebDriver.java:476)
	at org.openqa.selenium.By$ByXPath.findElement(By.java:361)
	at org.openqa.selenium.remote.RemoteWebDriver.findElement(RemoteWebDriver.java:363)
	at framework.sharedFunctions.MigrateJobs.checkPDBADMINSchema(MigrateJobs.java:345)
	at UITestCases.MigrateJobs.StartJobConcurrentlyAnotherUser.test(StartJobConcurrentlyAnotherUser.java:104)
	at sun.reflect.NativeMethodAccessorImpl.invoke0(Native Method)
	at sun.reflect.NativeMethodAccessorImpl.invoke(NativeMethodAccessorImpl.java:62)
	at sun.reflect.DelegatingMethodAccessorImpl.invoke(DelegatingMethodAccessorImpl.java:43)
	at java.lang.reflect.Method.invoke(Method.java:498)
	at org.junit.runners.model.FrameworkMethod$1.runReflectiveCall(FrameworkMethod.java:47)
	at org.junit.internal.runners.model.ReflectiveCallable.run(ReflectiveCallable.java:12)
	at org.junit.runners.model.FrameworkMethod.invokeExplosively(FrameworkMethod.java:44)
	at org.junit.internal.runners.statements.InvokeMethod.evaluate(InvokeMethod.java:17)
	at org.junit.internal.runners.statements.RunBefores.evaluate(RunBefores.java:26)
	at org.junit.runners.ParentRunner.runLeaf(ParentRunner.java:271)
	at org.junit.runners.BlockJUnit4ClassRunner.runChild(BlockJUnit4ClassRunner.java:70)
	at org.junit.runners.BlockJUnit4ClassRunner.runChild(BlockJUnit4ClassRunner.java:50)
	at org.junit.runners.ParentRunner$3.run(ParentRunner.java:238)
	at org.junit.runners.ParentRunner$1.schedule(ParentRunner.java:63)
	at org.junit.runners.ParentRunner.runChildren(ParentRunner.java:236)
	at org.junit.runners.ParentRunner.access$000(ParentRunner.java:53)
	at org.junit.runners.ParentRunner$2.evaluate(ParentRunner.java:229)
	at org.junit.internal.runners.statements.RunBefores.evaluate(RunBefores.java:26)
	at org.junit.runners.ParentRunner.run(ParentRunner.java:309)
	at junit.framework.JUnit4TestAdapter.run(JUnit4TestAdapter.java:38)
	at org.apache.tools.ant.taskdefs.optional.junit.JUnitTestRunner.run(JUnitTestRunner.java:532)
	at org.apache.tools.ant.taskdefs.optional.junit.JUnitTestRunner.launch(JUnitTestRunner.java:1179)
	at org.apache.tools.ant.taskdefs.optional.junit.JUnitTestRunner.main(JUnitTestRunner.java:1030)
]]></system-out>
  <system-err><![CDATA[Starting ChromeDriver 2.28.455520 (cc17746adff54984afff480136733114c6b3704b) on port 28506
Only local connections are allowed.
六月 15, 2017 4:28:01 下午 org.openqa.selenium.remote.ProtocolHandshake createSession
信息: Detected dialect: OSS
log4j:WARN No appenders could be found for logger (framework.objects.CommonVariables).
log4j:WARN Please initialize the log4j system properly.
log4j:WARN See http://logging.apache.org/log4j/1.2/faq.html#noconfig for more info.
]]></system-err>
</testsuite>
