<?xml version="1.0" encoding="UTF-8" ?>
<testsuite errors="0" failures="0" hostname="BEIWAN-CN" name="UITestCases.admin.AddApplication" skipped="0" tests="1" time="141.258" timestamp="2018-07-19T02:59:28">
  <properties>
[...]
</properties>
  <testcase classname="UITestCases.admin.AddApplication" name="test" time="138.222" />
  <system-out><![CDATA[10:59:28.630 [main] framework.global.Configuration.init(Configuration.java:56)evel Configuration Initializing...
10:59:28.639 [main] framework.global.Configuration.parseXML(Configuration.java:720)evel Reading server and Hardware info...
10:59:28.640 [main] framework.global.Configuration.parseXML(Configuration.java:750)evel ServerConfig.xml is parsed successfully.
10:59:28.640 [main] framework.global.Configuration.getlibrarydata(Configuration.java:832)evel Set SrvConfig successfully.
10:59:28.707 [main] framework.global.Configuration.init(Configuration.java:56)evel Configuration Initializing...
10:59:28.714 [main] framework.global.Configuration.parseXML(Configuration.java:720)evel Reading server and Hardware info...
10:59:28.714 [main] framework.global.Configuration.parseXML(Configuration.java:750)evel ServerConfig.xml is parsed successfully.
10:59:28.714 [main] framework.global.Configuration.getlibrarydata(Configuration.java:832)evel Set SrvConfig successfully.
10:59:28.715 [main] UITestCases.admin.AddApplication.setUpBeforeClass(AddApplication.java:40)evel use wercker to create application:
10:59:31.741 [main] UITestCases.admin.AddApplication.test(AddApplication.java:66)evel read file:
10:59:31.742 [main] UITestCases.admin.AddApplication.test(AddApplication.java:71)evel open wercher:
10:59:54.350 [main] UITestCases.admin.AddApplication.test(AddApplication.java:77)evel input the wercher username from file:
10:59:54.496 [main] UITestCases.admin.AddApplication.test(AddApplication.java:80)evel input the wercher password from file:
10:59:54.611 [main] UITestCases.admin.AddApplication.test(AddApplication.java:83)evel click lgoin github :
10:59:59.467 [main] UITestCases.admin.AddApplication.test(AddApplication.java:85)evel input github username from file:
10:59:59.589 [main] UITestCases.admin.AddApplication.test(AddApplication.java:89)evel input github password from file :
10:59:59.700 [main] UITestCases.admin.AddApplication.test(AddApplication.java:92)evel click github login button :
11:00:19.198 [main] UITestCases.admin.AddApplication.test(AddApplication.java:106)evel click create you first application button :
11:00:29.294 [main] UITestCases.admin.AddApplication.test(AddApplication.java:109)evel click select scm GitHub :
11:00:39.370 [main] UITestCases.admin.AddApplication.test(AddApplication.java:112)evel click select scm GitHub page next button:
11:00:49.465 [main] UITestCases.admin.AddApplication.test(AddApplication.java:115)evel select repository:
11:00:59.533 [main] UITestCases.admin.AddApplication.test(AddApplication.java:118)evel in select repository click next button:
11:01:09.598 [main] UITestCases.admin.AddApplication.test(AddApplication.java:121)evel select setup ssh key
11:01:19.687 [main] UITestCases.admin.AddApplication.test(AddApplication.java:124)evel in select setup ssh key page click next button:
11:01:29.756 [main] UITestCases.admin.AddApplication.test(AddApplication.java:127)evel select public checkbox:
11:01:39.855 [main] UITestCases.admin.AddApplication.test(AddApplication.java:130)evel click create button:
]]></system-out>
  <system-err><![CDATA[Starting ChromeDriver 2.37.544315 (730aa6a5fdba159ac9f4c1e8cbc59bf1b5ce12b7) on port 22693
Only local connections are allowed.
[1531969166.305][SEVERE]: bind() returned an error: An attempt was made to access a socket in a way forbidden by its access permissions. (0x271D)
Jul 19, 2018 10:59:28 AM org.openqa.selenium.remote.ProtocolHandshake createSession
INFO: Detected dialect: OSS
]]></system-err>
</testsuite>
