<?xml version="1.0" encoding="UTF-8" ?>
<testsuite errors="0" failures="0" hostname="YUHMA-CN" name="UITestCases.dashboard.UserDashboard" skipped="0" tests="1" time="18.234" timestamp="2017-05-26T03:40:21">
  <properties>
[...]
</properties>
  <testcase classname="UITestCases.dashboard.UserDashboard" name="test" time="8.428" />
  <system-out><![CDATA[11:40:21.295 [main] framework.global.Configuration.init(Configuration.java:63)evel Oracle Migration Service Cloud Auto Initializing...
11:40:21.327 [main] framework.global.Configuration.parseXML(Configuration.java:773)evel Reading omscle Migration Service Cloud server and Hardware info...
11:40:21.328 [main] framework.global.Configuration.parseXML(Configuration.java:803)evel ServerConfig.xml is parsed successfully.
11:40:21.329 [main] framework.global.Configuration.getlibrarydata(Configuration.java:936)evel Set omscSrvConfig successfully.
11:40:21.329 [main] framework.global.Configuration.getdrivedata(Configuration.java:992)evel Set Drives omscDrives[][] successfully.
11:40:21.329 [main] framework.global.Configuration.getvolumedata(Configuration.java:1047)evel Set Volumes omscVolumes[][] successfully.
11:40:21.368 [main] framework.sharedFunctions.Initialize.init(Initialize.java:34)evel OmscAuto Initializing...
11:40:21.370 [main] framework.global.Configuration.init(Configuration.java:63)evel Oracle Migration Service Cloud Auto Initializing...
11:40:21.374 [main] framework.global.Configuration.parseXML(Configuration.java:773)evel Reading omscle Migration Service Cloud server and Hardware info...
11:40:21.374 [main] framework.global.Configuration.parseXML(Configuration.java:803)evel ServerConfig.xml is parsed successfully.
11:40:21.375 [main] framework.global.Configuration.getlibrarydata(Configuration.java:936)evel Set omscSrvConfig successfully.
11:40:21.375 [main] framework.global.Configuration.getdrivedata(Configuration.java:992)evel Set Drives omscDrives[][] successfully.
11:40:21.375 [main] framework.global.Configuration.getvolumedata(Configuration.java:1047)evel Set Volumes omscVolumes[][] successfully.
11:40:21.375 [main] UITestCases.dashboard.UserDashboard.setUpBeforeClass(UserDashboard.java:31)evel Open Oracle Migration Service page:
11:40:31.168 [main] framework.objects.OMSSrvConfig.getUIUserName(OMSSrvConfig.java:108)evel Get UIUserName <demouser1> successfully.
11:40:31.272 [main] framework.objects.OMSSrvConfig.getUIPassword(OMSSrvConfig.java:117)evel Get UIPassword <welcome1> successfully.
11:40:37.480 [main] framework.objects.IBrowser.isUserDashboardPageDisplayed(IBrowser.java:242)evel The User Dashboard Page is displayed.
11:40:37.480 [main] framework.sharedFunctions.Login.verifyLogin(Login.java:65)evel Login to Oracle Migration Service Cloud page successfully.
11:40:37.481 [main] UITestCases.dashboard.UserDashboard.test(UserDashboard.java:59)evel Normal user login success
11:40:38.525 [main] framework.objects.IBrowser.isMyFootprintsDisplayed(IBrowser.java:204)evel The My Footprints Panel is displayed.
11:40:39.569 [main] framework.objects.IBrowser.isDemoTutorialsDisplayed(IBrowser.java:223)evel The Demo Tutorials Panel is displayed.
]]></system-out>
  <system-err><![CDATA[Starting ChromeDriver 2.28.455520 (cc17746adff54984afff480136733114c6b3704b) on port 5596
Only local connections are allowed.
五月 26, 2017 11:40:21 上午 org.openqa.selenium.remote.ProtocolHandshake createSession
信息: Detected dialect: OSS
]]></system-err>
</testsuite>
