<?xml version="1.0" encoding="UTF-8" ?>
<testsuite errors="0" failures="1" hostname="LIXYUAN-CN" name="JunitTestSuites.TestSuite" skipped="0" tests="4" time="51.953" timestamp="2018-03-30T06:21:49">
  <properties>
[...]
</properties>
  <testcase classname="UITestCases.games.WhackaPodHomePage" name="test" time="9.517" />
  <testcase classname="UITestCases.games.DeploytoK8s" name="test" time="5.915">
    <failure type="junit.framework.AssertionFailedError">junit.framework.AssertionFailedError
	at framework.sharedFunctions.Finish.fail(Finish.java:30)
	at UITestCases.BaseTestCase.fail(BaseTestCase.java:125)
	at UITestCases.games.DeploytoK8s.test(DeploytoK8s.java:90)
</failure>
  </testcase>
  <testcase classname="UITestCases.api.ColorAPI" name="test" time="0.245" />
  <testcase classname="UITestCases.loghandler.FinishTest" name="test" time="9.288" />
  <system-out><![CDATA[14:21:58.764 [main] framework.global.Configuration.init(Configuration.java:56)evel Configuration Initializing...
14:21:58.777 [main] framework.global.Configuration.parseXML(Configuration.java:720)evel Reading server and Hardware info...
14:21:58.778 [main] framework.global.Configuration.parseXML(Configuration.java:750)evel ServerConfig.xml is parsed successfully.
14:21:58.779 [main] framework.global.Configuration.getlibrarydata(Configuration.java:832)evel Set SrvConfig successfully.
14:21:58.781 [main] framework.sharedFunctions.Initialize.init(Initialize.java:22)evel Auto Initializing...
14:21:58.787 [main] UITestCases.games.WhackaPodHomePage.setUpBeforeClass(WhackaPodHomePage.java:34)evel test case: Open Whack-a-pod home page
14:22:08.574 [main] UITestCases.games.WhackaPodHomePage.test(WhackaPodHomePage.java:55)evel Open Whack a Pot Home Page
14:22:17.995 [main] UITestCases.games.WhackaPodHomePage.test(WhackaPodHomePage.java:63)evel verify welcome shows in start-modal
14:22:18.063 [main] UITestCases.games.WhackaPodHomePage.test(WhackaPodHomePage.java:65)evel IsStartModelDisplayed:true
14:22:18.064 [main] UITestCases.games.WhackaPodHomePage.test(WhackaPodHomePage.java:68)evel verify welcome shows in start-modaltrue
14:22:25.742 [main] UITestCases.games.DeploytoK8s.test(DeploytoK8s.java:53)evel test case: Click to Deploy
14:22:25.743 [main] UITestCases.games.DeploytoK8s.test(DeploytoK8s.java:56)evel Click to Deploy
14:22:30.840 [main] UITestCases.games.DeploytoK8s.test(DeploytoK8s.java:61)evel Pods shows up
14:22:31.591 [main] exception.UnExpectedException.<init>(UnExpectedException.java:19)evel Errors on verification.
14:22:31.594 [main] exception.UnExpectedException.<init>(UnExpectedException.java:20)evel 20180330-142230_UITestCases.games.DeploytoK8s.png
14:22:31.603 [main] exception.UnExpectedException.<init>(UnExpectedException.java:21)evel no such element: Unable to locate element: {"method":"xpath","selector":"//*[@id='pod-0']/div"}
  (Session info: chrome=65.0.3325.181)
  (Driver info: chromedriver=2.33.506120 (e3e53437346286c0bc2d2dc9aa4915ba81d9023f),platform=Windows NT 6.1.7601 SP1 x86_64) (WARNING: The server did not provide any stacktrace information)
Command duration or timeout: 45 milliseconds
For documentation on this error, please visit: http://seleniumhq.org/exceptions/no_such_element.html
Build info: version: '3.3.1', revision: '5234b32', time: '2017-03-10 09:04:52 -0800'
System info: host: 'LIXYUAN-CN', ip: '140.83.188.142', os.name: 'Windows 7', os.arch: 'amd64', os.version: '6.1', java.version: '1.8.0_121'
Driver info: org.openqa.selenium.chrome.ChromeDriver
Capabilities [{applicationCacheEnabled=false, rotatable=false, mobileEmulationEnabled=false, networkConnectionEnabled=false, chrome={chromedriverVersion=2.33.506120 (e3e53437346286c0bc2d2dc9aa4915ba81d9023f), userDataDir=C:\Users\lixyuan\AppData\Local\Temp\scoped_dir69656_5187}, takesHeapSnapshot=true, pageLoadStrategy=normal, databaseEnabled=false, handlesAlerts=true, hasTouchScreen=false, version=65.0.3325.181, platform=XP, browserConnectionEnabled=false, nativeEvents=true, acceptSslCerts=true, locationContextEnabled=true, webStorageEnabled=true, browserName=chrome, takesScreenshot=true, javascriptEnabled=true, cssSelectorsEnabled=true, setWindowRect=true, unexpectedAlertBehaviour=}]
Session ID: 0dd384f4b2072292e71c37afc0ecd9ce
*** Element info: {Using=xpath, value=//*[@id='pod-0']/div}
org.openqa.selenium.NoSuchElementException: no such element: Unable to locate element: {"method":"xpath","selector":"//*[@id='pod-0']/div"}
  (Session info: chrome=65.0.3325.181)
  (Driver info: chromedriver=2.33.506120 (e3e53437346286c0bc2d2dc9aa4915ba81d9023f),platform=Windows NT 6.1.7601 SP1 x86_64) (WARNING: The server did not provide any stacktrace information)
Command duration or timeout: 45 milliseconds
For documentation on this error, please visit: http://seleniumhq.org/exceptions/no_such_element.html
Build info: version: '3.3.1', revision: '5234b32', time: '2017-03-10 09:04:52 -0800'
System info: host: 'LIXYUAN-CN', ip: '140.83.188.142', os.name: 'Windows 7', os.arch: 'amd64', os.version: '6.1', java.version: '1.8.0_121'
Driver info: org.openqa.selenium.chrome.ChromeDriver
Capabilities [{applicationCacheEnabled=false, rotatable=false, mobileEmulationEnabled=false, networkConnectionEnabled=false, chrome={chromedriverVersion=2.33.506120 (e3e53437346286c0bc2d2dc9aa4915ba81d9023f), userDataDir=C:\Users\lixyuan\AppData\Local\Temp\scoped_dir69656_5187}, takesHeapSnapshot=true, pageLoadStrategy=normal, databaseEnabled=false, handlesAlerts=true, hasTouchScreen=false, version=65.0.3325.181, platform=XP, browserConnectionEnabled=false, nativeEvents=true, acceptSslCerts=true, locationContextEnabled=true, webStorageEnabled=true, browserName=chrome, takesScreenshot=true, javascriptEnabled=true, cssSelectorsEnabled=true, setWindowRect=true, unexpectedAlertBehaviour=}]
Session ID: 0dd384f4b2072292e71c37afc0ecd9ce
*** Element info: {Using=xpath, value=//*[@id='pod-0']/div}
	at sun.reflect.NativeConstructorAccessorImpl.newInstance0(Native Method)
	at sun.reflect.NativeConstructorAccessorImpl.newInstance(NativeConstructorAccessorImpl.java:62)
	at sun.reflect.DelegatingConstructorAccessorImpl.newInstance(DelegatingConstructorAccessorImpl.java:45)
	at java.lang.reflect.Constructor.newInstance(Constructor.java:423)
	at org.openqa.selenium.remote.ErrorHandler.createThrowable(ErrorHandler.java:216)
	at org.openqa.selenium.remote.ErrorHandler.throwIfResponseFailed(ErrorHandler.java:168)
	at org.openqa.selenium.remote.RemoteWebDriver.execute(RemoteWebDriver.java:638)
	at org.openqa.selenium.remote.RemoteWebDriver.findElement(RemoteWebDriver.java:371)
	at org.openqa.selenium.remote.RemoteWebDriver.findElementByXPath(RemoteWebDriver.java:476)
	at org.openqa.selenium.By$ByXPath.findElement(By.java:361)
	at org.openqa.selenium.remote.RemoteWebDriver.findElement(RemoteWebDriver.java:363)
	at framework.sharedFunctions.HomePage.isPodsDisplayed(HomePage.java:115)
	at UITestCases.games.DeploytoK8s.test(DeploytoK8s.java:62)
	at sun.reflect.NativeMethodAccessorImpl.invoke0(Native Method)
	at sun.reflect.NativeMethodAccessorImpl.invoke(NativeMethodAccessorImpl.java:62)
	at sun.reflect.DelegatingMethodAccessorImpl.invoke(DelegatingMethodAccessorImpl.java:43)
	at java.lang.reflect.Method.invoke(Method.java:498)
	at org.junit.runners.model.FrameworkMethod$1.runReflectiveCall(FrameworkMethod.java:47)
	at org.junit.internal.runners.model.ReflectiveCallable.run(ReflectiveCallable.java:12)
	at org.junit.runners.model.FrameworkMethod.invokeExplosively(FrameworkMethod.java:44)
	at org.junit.internal.runners.statements.InvokeMethod.evaluate(InvokeMethod.java:17)
	at org.junit.internal.runners.statements.RunBefores.evaluate(RunBefores.java:26)
	at org.junit.runners.ParentRunner.runLeaf(ParentRunner.java:271)
	at org.junit.runners.BlockJUnit4ClassRunner.runChild(BlockJUnit4ClassRunner.java:70)
	at org.junit.runners.BlockJUnit4ClassRunner.runChild(BlockJUnit4ClassRunner.java:50)
	at org.junit.runners.ParentRunner$3.run(ParentRunner.java:238)
	at org.junit.runners.ParentRunner$1.schedule(ParentRunner.java:63)
	at org.junit.runners.ParentRunner.runChildren(ParentRunner.java:236)
	at org.junit.runners.ParentRunner.access$000(ParentRunner.java:53)
	at org.junit.runners.ParentRunner$2.evaluate(ParentRunner.java:229)
	at org.junit.internal.runners.statements.RunBefores.evaluate(RunBefores.java:26)
	at org.junit.runners.ParentRunner.run(ParentRunner.java:309)
	at org.junit.runners.Suite.runChild(Suite.java:127)
	at org.junit.runners.Suite.runChild(Suite.java:26)
	at org.junit.runners.ParentRunner$3.run(ParentRunner.java:238)
	at org.junit.runners.ParentRunner$1.schedule(ParentRunner.java:63)
	at org.junit.runners.ParentRunner.runChildren(ParentRunner.java:236)
	at org.junit.runners.ParentRunner.access$000(ParentRunner.java:53)
	at org.junit.runners.ParentRunner$2.evaluate(ParentRunner.java:229)
	at org.junit.runners.ParentRunner.run(ParentRunner.java:309)
	at junit.framework.JUnit4TestAdapter.run(JUnit4TestAdapter.java:38)
	at org.apache.tools.ant.taskdefs.optional.junit.JUnitTestRunner.run(JUnitTestRunner.java:535)
	at org.apache.tools.ant.taskdefs.optional.junit.JUnitTestRunner.launch(JUnitTestRunner.java:1182)
	at org.apache.tools.ant.taskdefs.optional.junit.JUnitTestRunner.main(JUnitTestRunner.java:1033)
14:22:31.684 [main] UITestCases.api.ColorAPI.test(ColorAPI.java:53)evel test case: color api service
14:22:31.686 [main] UITestCases.api.ColorAPI.test(ColorAPI.java:63)evel check color API is running or not
14:22:31.823 [main] framework.sharedFunctions.HomePage.clorAPIRunning(HomePage.java:81)evel color api: rgba(51, 51, 51, 1)
14:22:31.885 [main] UITestCases.api.ColorAPI.test(ColorAPI.java:79)evel assert: true
]]></system-out>
  <system-err><![CDATA[Starting ChromeDriver 2.33.506120 (e3e53437346286c0bc2d2dc9aa4915ba81d9023f) on port 16137
Only local connections are allowed.
三月 30, 2018 2:21:58 下午 org.openqa.selenium.remote.ProtocolHandshake createSession
信息: Detected dialect: OSS
log4j:WARN No appenders could be found for logger (framework.objects.CommonVariables).
log4j:WARN Please initialize the log4j system properly.
log4j:WARN See http://logging.apache.org/log4j/1.2/faq.html#noconfig for more info.
]]></system-err>
</testsuite>
