<?xml version="1.0" encoding="UTF-8" ?>
<testsuite errors="0" failures="0" hostname="LIXYUAN-CN" name="zapi.zapiTest" skipped="0" tests="1" time="42.809" timestamp="2017-11-08T03:32:36">
  <properties>
[...]
</properties>
  <testcase classname="zapi.zapiTest" name="test" time="42.56" />
  <system-out><![CDATA[Create test cycle successfully
102448
{"issues":["MIGSERV-183", "MIGSERV-906", "MIGSERV-181", "MIGSERV-89", "MIGSERV-456", "MIGSERV-453", "MIGSERV-455", "MIGSERV-454", "MIGSERV-187", "MIGSERV-170", "MIGSERV-1251", "MIGSERV-1163", "MIGSERV-1162", "MIGSERV-988", "MIGSERV-1164", "MIGSERV-1061", "MIGSERV-993", "MIGSERV-1166", "MIGSERV-618", "MIGSERV-537", "MIGSERV-888", "MIGSERV-1252", "MIGSERV-889", "MIGSERV-336", "MIGSERV-1173", "MIGSERV-642", "MIGSERV-322", "MIGSERV-523", "MIGSERV-419", "MIGSERV-446", "MIGSERV-183", "MIGSERV-906", "MIGSERV-183", "MIGSERV-906", "MIGSERV-181", "MIGSERV-89", "MIGSERV-456", "MIGSERV-453", "MIGSERV-455", "MIGSERV-454", "MIGSERV-187", "MIGSERV-170", "MIGSERV-1251", "MIGSERV-1163", "MIGSERV-1162", "MIGSERV-988", "MIGSERV-1164", "MIGSERV-1061", "MIGSERV-993", "MIGSERV-1166", "MIGSERV-618", "MIGSERV-537", "MIGSERV-888", "MIGSERV-1252", "MIGSERV-889", "MIGSERV-336", "MIGSERV-1173", "MIGSERV-642", "MIGSERV-322", "MIGSERV-523", "MIGSERV-419", "MIGSERV-446", "MIGSERV-336", "MIGSERV-889", "MIGSERV-336", "MIGSERV-183", "MIGSERV-906", "MIGSERV-181", "MIGSERV-89", "MIGSERV-456", "MIGSERV-453", "MIGSERV-455", "MIGSERV-454", "MIGSERV-187", "MIGSERV-170", "MIGSERV-1251", "MIGSERV-1163", "MIGSERV-1162", "MIGSERV-988", "MIGSERV-1164", "MIGSERV-1061", "MIGSERV-993", "MIGSERV-1166", "MIGSERV-618", "MIGSERV-537", "MIGSERV-888", "MIGSERV-1252", "MIGSERV-889", "MIGSERV-336", "MIGSERV-1173", "MIGSERV-642", "MIGSERV-322", "MIGSERV-523", "MIGSERV-419", "MIGSERV-446", "MIGSERV-336", "MIGSERV-1173", "MIGSERV-336", "MIGSERV-1173", "MIGSERV-1173", "MIGSERV-336", "MIGSERV-183", "MIGSERV-906", "MIGSERV-181", "MIGSERV-89", "MIGSERV-456", "MIGSERV-453", "MIGSERV-455", "MIGSERV-454", "MIGSERV-187", "MIGSERV-170", "MIGSERV-1251", "MIGSERV-1163", "MIGSERV-1162", "MIGSERV-988", "MIGSERV-1164", "MIGSERV-1061", "MIGSERV-993", "MIGSERV-1166", "MIGSERV-618", "MIGSERV-537", "MIGSERV-888", "MIGSERV-1252", "MIGSERV-889", "MIGSERV-336", "MIGSERV-1173", "MIGSERV-642", "MIGSERV-322", "MIGSERV-523", "MIGSERV-419", "MIGSERV-446", "MIGSERV-183", "MIGSERV-906", "MIGSERV-181", "MIGSERV-89", "MIGSERV-456", "MIGSERV-453", "MIGSERV-455", "MIGSERV-454", "MIGSERV-187", "MIGSERV-170", "MIGSERV-1251", "MIGSERV-1163", "MIGSERV-1162", "MIGSERV-988", "MIGSERV-1164", "MIGSERV-1061", "MIGSERV-993", "MIGSERV-1166", "MIGSERV-618", "MIGSERV-537", "MIGSERV-888", "MIGSERV-1252", "MIGSERV-889", "MIGSERV-336", "MIGSERV-1173", "MIGSERV-642", "MIGSERV-322", "MIGSERV-523", "MIGSERV-419", "MIGSERV-446", "MIGSERV-889", "MIGSERV-336", "MIGSERV-183", "MIGSERV-906", "MIGSERV-181", "MIGSERV-89", "MIGSERV-456", "MIGSERV-453", "MIGSERV-455", "MIGSERV-454", "MIGSERV-187", "MIGSERV-170", "MIGSERV-1251", "MIGSERV-1163", "MIGSERV-1162", "MIGSERV-988", "MIGSERV-1164", "MIGSERV-1061", "MIGSERV-993", "MIGSERV-1166", "MIGSERV-618", "MIGSERV-537", "MIGSERV-888", "MIGSERV-1252", "MIGSERV-889", "MIGSERV-336", "MIGSERV-1173", "MIGSERV-642", "MIGSERV-322", "MIGSERV-523", "MIGSERV-419", "MIGSERV-446", "MIGSERV-1173", "MIGSERV-1173", "MIGSERV-1173", "MIGSERV-419", "MIGSERV-183", "MIGSERV-906", "MIGSERV-181", "MIGSERV-89", "MIGSERV-456", "MIGSERV-453", "MIGSERV-455", "MIGSERV-454", "MIGSERV-187", "MIGSERV-170", "MIGSERV-1251", "MIGSERV-1163", "MIGSERV-1162", "MIGSERV-988", "MIGSERV-1164", "MIGSERV-1061", "MIGSERV-993", "MIGSERV-1166", "MIGSERV-618", "MIGSERV-537", "MIGSERV-888", "MIGSERV-1252", "MIGSERV-889", "MIGSERV-336", "MIGSERV-1173", "MIGSERV-642", "MIGSERV-322", "MIGSERV-523", "MIGSERV-419", "MIGSERV-446", "MIGSERV-336", "MIGSERV-336", "MIGSERV-336", "MIGSERV-336", "MIGSERV-336", "MIGSERV-336", "MIGSERV-183", "MIGSERV-906", "MIGSERV-181", "MIGSERV-89", "MIGSERV-456", "MIGSERV-453", "MIGSERV-455", "MIGSERV-454", "MIGSERV-187", "MIGSERV-170", "MIGSERV-1251", "MIGSERV-1163", "MIGSERV-1162", "MIGSERV-988", "MIGSERV-1164", "MIGSERV-1061", "MIGSERV-993", "MIGSERV-1166", "MIGSERV-618", "MIGSERV-537", "MIGSERV-888", "MIGSERV-1252", "MIGSERV-889", "MIGSERV-336", "MIGSERV-1173", "MIGSERV-642", "MIGSERV-322", "MIGSERV-523", "MIGSERV-419", "MIGSERV-446", "MIGSERV-446", "MIGSERV-183", "MIGSERV-906", "MIGSERV-181", "MIGSERV-89", "MIGSERV-456", "MIGSERV-453", "MIGSERV-455", "MIGSERV-454", "MIGSERV-187", "MIGSERV-170", "MIGSERV-1251", "MIGSERV-1163", "MIGSERV-1162", "MIGSERV-988", "MIGSERV-1164", "MIGSERV-1061", "MIGSERV-993", "MIGSERV-1166", "MIGSERV-618", "MIGSERV-537", "MIGSERV-888", "MIGSERV-1252", "MIGSERV-889", "MIGSERV-336", "MIGSERV-1173", "MIGSERV-642", "MIGSERV-322", "MIGSERV-523", "MIGSERV-419", "MIGSERV-446", "MIGSERV-183", "MIGSERV-906", "MIGSERV-181", "MIGSERV-89", "MIGSERV-456", "MIGSERV-453", "MIGSERV-455", "MIGSERV-454", "MIGSERV-187", "MIGSERV-170", "MIGSERV-1251", "MIGSERV-1163", "MIGSERV-1162", "MIGSERV-988", "MIGSERV-1164", "MIGSERV-1061", "MIGSERV-993", "MIGSERV-1166", "MIGSERV-618", "MIGSERV-537", "MIGSERV-888", "MIGSERV-1252", "MIGSERV-889", "MIGSERV-336", "MIGSERV-1173", "MIGSERV-642", "MIGSERV-322", "MIGSERV-523", "MIGSERV-419", "MIGSERV-446", "MIGSERV-322", "MIGSERV-336", "MIGSERV-183", "MIGSERV-906", "MIGSERV-181", "MIGSERV-89", "MIGSERV-456", "MIGSERV-453", "MIGSERV-455", "MIGSERV-454", "MIGSERV-187", "MIGSERV-170", "MIGSERV-1251", "MIGSERV-1163", "MIGSERV-1162", "MIGSERV-988", "MIGSERV-1164", "MIGSERV-1061", "MIGSERV-993", "MIGSERV-1166", "MIGSERV-618", "MIGSERV-537", "MIGSERV-888", "MIGSERV-1252", "MIGSERV-889", "MIGSERV-336", "MIGSERV-1173", "MIGSERV-642", "MIGSERV-322", "MIGSERV-523", "MIGSERV-419", "MIGSERV-446", "MIGSERV-889", "MIGSERV-889", "MIGSERV-889", "MIGSERV-889", "MIGSERV-889", "MIGSERV-889", "MIGSERV-889", "MIGSERV-889", "MIGSERV-889", "MIGSERV-889", "MIGSERV-889", "MIGSERV-1429", "MIGSERV-1429", "MIGSERV-1429", "MIGSERV-889", "MIGSERV-1429", "MIGSERV-1429", "MIGSERV-1429", "MIGSERV-1429", "MIGSERV-1429", "MIGSERV-1429", "MIGSERV-1429", "MIGSERV-1429", "MIGSERV-1429", "MIGSERV-1429", "MIGSERV-889", "MIGSERV-1429", "MIGSERV-1429", "MIGSERV-1429", "MIGSERV-183", "MIGSERV-906", "MIGSERV-174", "MIGSERV-181", "MIGSERV-89", "MIGSERV-456", "MIGSERV-453", "MIGSERV-455", "MIGSERV-454", "MIGSERV-187", "MIGSERV-170", "MIGSERV-889", "MIGSERV-1429", "MIGSERV-1429", "MIGSERV-1429", "MIGSERV-1251", "MIGSERV-1163", "MIGSERV-1162", "MIGSERV-988", "MIGSERV-1164", "MIGSERV-1061", "MIGSERV-993", "MIGSERV-1166", "MIGSERV-618", "MIGSERV-537", "MIGSERV-888", "MIGSERV-1252", "MIGSERV-889", "MIGSERV-336", "MIGSERV-1173", "MIGSERV-642", "MIGSERV-1322", "MIGSERV-322", "MIGSERV-523", "MIGSERV-419", "MIGSERV-446", "MIGSERV-1251", "MIGSERV-336", "MIGSERV-183", "MIGSERV-906", "MIGSERV-181", "MIGSERV-89", "MIGSERV-456", "MIGSERV-453", "MIGSERV-455", "MIGSERV-454", "MIGSERV-187", "MIGSERV-170", "MIGSERV-889", "MIGSERV-1429", "MIGSERV-1429", "MIGSERV-1429", "MIGSERV-1251", "MIGSERV-1163", "MIGSERV-1162", "MIGSERV-988", "MIGSERV-1164", "MIGSERV-1061", "MIGSERV-993", "MIGSERV-1166", "MIGSERV-618", "MIGSERV-537", "MIGSERV-888", "MIGSERV-1252", "MIGSERV-889", "MIGSERV-336", "MIGSERV-1173", "MIGSERV-642", "MIGSERV-1322", "MIGSERV-322", "MIGSERV-523", "MIGSERV-419", "MIGSERV-446", "MIGSERV-889", "MIGSERV-336", "MIGSERV-889", "MIGSERV-889", "MIGSERV-889", "MIGSERV-889", "MIGSERV-889", "MIGSERV-889", "MIGSERV-1429", "MIGSERV-1429", "MIGSERV-1061", "MIGSERV-1061", "MIGSERV-1061", "MIGSERV-1061", "MIGSERV-889", "MIGSERV-1061", "MIGSERV-1061", "MIGSERV-1061", "MIGSERV-183", "MIGSERV-906", "MIGSERV-181", "MIGSERV-89", "MIGSERV-456", "MIGSERV-453", "MIGSERV-455", "MIGSERV-454", "MIGSERV-187", "MIGSERV-170", "MIGSERV-889", "MIGSERV-1429", "MIGSERV-1429", "MIGSERV-1429", "MIGSERV-1251", "MIGSERV-1163", "MIGSERV-1162", "MIGSERV-988", "MIGSERV-1164", "MIGSERV-1061", "MIGSERV-993", "MIGSERV-1166", "MIGSERV-618", "MIGSERV-537", "MIGSERV-888", "MIGSERV-1252", "MIGSERV-889", "MIGSERV-336", "MIGSERV-1173", "MIGSERV-642", "MIGSERV-1322", "MIGSERV-322", "MIGSERV-523", "MIGSERV-419", "MIGSERV-446", "MIGSERV-1429", "MIGSERV-1429", "MIGSERV-1429", "MIGSERV-183", "MIGSERV-906", "MIGSERV-181", "MIGSERV-89", "MIGSERV-456", "MIGSERV-453", "MIGSERV-455", "MIGSERV-454", "MIGSERV-187", "MIGSERV-170", "MIGSERV-889", "MIGSERV-1429", "MIGSERV-1429", "MIGSERV-1429", "MIGSERV-1251", "MIGSERV-1163", "MIGSERV-1162", "MIGSERV-988", "MIGSERV-1164", "MIGSERV-1061", "MIGSERV-993", "MIGSERV-1166", "MIGSERV-618", "MIGSERV-537", "MIGSERV-888", "MIGSERV-1252", "MIGSERV-889", "MIGSERV-336", "MIGSERV-1173", "MIGSERV-642", "MIGSERV-1322", "MIGSERV-322", "MIGSERV-523", "MIGSERV-419", "MIGSERV-446", "MIGSERV-1429", "MIGSERV-1429", "MIGSERV-889", "MIGSERV-889", "MIGSERV-889", "MIGSERV-889", "MIGSERV-889", "MIGSERV-889", "MIGSERV-889", "MIGSERV-889", "MIGSERV-889", "MIGSERV-889", "MIGSERV-1429", "MIGSERV-1429", "MIGSERV-889", "MIGSERV-889", "MIGSERV-889", "MIGSERV-889", "MIGSERV-889", "MIGSERV-889", "MIGSERV-889", "MIGSERV-889", "MIGSERV-889", "MIGSERV-889", "MIGSERV-889", "MIGSERV-889", "MIGSERV-889", "MIGSERV-000", "MIGSERV-000", "MIGSERV-000", "MIGSERV-000", "MIGSERV-170", ""], "versionId":"136458", "cycleId":"102448","projectId":"30516", "method":"1"}
jira/rest/zapi/latest/execution/addTestsToCycle
{"jobProgressToken":"0001510111914761-20602013-0001"}
Add test to test cycle successfully
102448
102448
Test cycle 102448 has 33 tests in it.
[{"summary":"UITestCases.MigrateJobs.AllMySQLPostCheckItemsPass","issueId":4589548,"issueKey":"MIGSERV-1322","htmlComment":"","orderId":973408,"canViewIssue":true,"executionStatus":"-1","cycleId":102448,"label":"","versionName":"1.1.1","versionId":136458,"component":"UI","projectKey":"MIGSERV","createdBy":"oardc-omsp_sg@oracle.com","comment":"","modifiedBy":"oardc-omsp_sg@oracle.com","id":1372912,"executionDefectCount":0,"cycleName":"UIAuto_2017-11-08 at 11-32","projectId":30516,"stepDefectCount":0,"totalDefectCount":0},{"summary":"UITestCases.dashboard.AdminDashboard","issueId":3648773,"issueKey":"MIGSERV-174","htmlComment":"","orderId":973407,"canViewIssue":true,"executionStatus":"-1","cycleId":102448,"label":"","versionName":"1.1.1","versionId":136458,"component":"UI","projectKey":"MIGSERV","createdBy":"oardc-omsp_sg@oracle.com","comment":"","modifiedBy":"oardc-omsp_sg@oracle.com","id":1372911,"executionDefectCount":0,"cycleName":"UIAuto_2017-11-08 at 11-32","projectId":30516,"issueDescription":"<p>1 Check the UI layout, display, text show correctly. and won't clapse when browser size is changed or display resolution is changed.<br/>\n2 Check user interaction, page navigation work as expected.<\/p>","stepDefectCount":0,"totalDefectCount":0},{"summary":"UITestCases.MigrateJobs.NewMySQL51Job","issueId":4679413,"issueKey":"MIGSERV-1429","htmlComment":"","orderId":973406,"canViewIssue":true,"executionStatus":"-1","cycleId":102448,"label":"","versionName":"1.1.1","versionId":136458,"component":"","projectKey":"MIGSERV","createdBy":"oardc-omsp_sg@oracle.com","comment":"","modifiedBy":"oardc-omsp_sg@oracle.com","id":1372910,"executionDefectCount":0,"cycleName":"UIAuto_2017-11-08 at 11-32","projectId":30516,"issueDescription":"<p>Migrate MySQL from 5.1 to 5.7<\/p>\n\n<p><b>Source<\/b><br/>\nVersion 5.1<br/>\n10.182.20.28<br/>\n3311<br/>\nroot<br/>\nWelcome1<br/>\n<b>Target:<\/b><br/>\n5.7<br/>\nIP: 10.182.179.42<br/>\nUser/Password: root/Welcome1<br/>\nPort: 3306<\/p>","stepDefectCount":0,"totalDefectCount":0},{"summary":"UITestCases.Subscriber.MigrationJobStatusNotice","issueId":3902615,"issueKey":"MIGSERV-446","htmlComment":"","orderId":973405,"canViewIssue":true,"executionStatus":"-1","cycleId":102448,"label":"","versionName":"1.1.1","versionId":136458,"component":"USERMOD","projectKey":"MIGSERV","createdBy":"oardc-omsp_sg@oracle.com","comment":"","modifiedBy":"oardc-omsp_sg@oracle.com","id":1372909,"executionDefectCount":0,"cycleName":"UIAuto_2017-11-08 at 11-32","projectId":30516,"issueDescription":"<p>1. Core send \"UPDATE JOB STATUS\" message to JMS(Subscribe Service)<br/>\n2. Messaging model(JMS subscriber) received the message and dispatch message to USM with REST call, as well as Websocket Server (status 4 only)<br/>\n3. USM REST API receive message , update tbl_job, generate notice in tbl_notice(status 4 only)<br/>\n4. UI receive message from Websocket server, and the notification icon will blink, as incoming notice.<\/p>\n\n<p>DOD: Store the job process, and trigger to broadcast, and display the Notification immediately<\/p>","stepDefectCount":0,"totalDefectCount":0},{"summary":"UITestCases.Notifications.NotificationsList","issueId":3866218,"issueKey":"MIGSERV-419","htmlComment":"","orderId":973404,"canViewIssue":true,"executionStatus":"-1","cycleId":102448,"label":"","versionName":"1.1.1","versionId":136458,"component":"UI","projectKey":"MIGSERV","createdBy":"oardc-omsp_sg@oracle.com","comment":"","modifiedBy":"oardc-omsp_sg@oracle.com","id":1372924,"executionDefectCount":0,"cycleName":"UIAuto_2017-11-08 at 11-32","projectId":30516,"issueDescription":"<p>For the testing, need to check the following items (manual &amp; automation):<br/>\n-----------------------------------<br/>\n1.Classify the message (welcome, job status, feedback, system maintain in v1.0)<br/>\n2.List messages with default sort order (notice time -&gt; status)<br/>\n3.Striking read/unread status for each message<br/>\n4.Mark as read when open a message<br/>\n5.Provide paging control<br/>\n6.Click message title in list to show message details<\/p>\n\n<p>Click the list message, go into the details message, need to check following items:<br/>\n-----------------------------------<br/>\n1.Provide title, sender and receive time of a message<br/>\n2.Provide basic format for:<br/>\n   &gt; welcome<br/>\n   &gt; job status<br/>\n   &gt; feedback<br/>\n   &gt; system maintenance<\/p>","stepDefectCount":0,"totalDefectCount":0},{"summary":"UITestCases.MigrateJobs.VerifyCompletedJobDetails","issueId":3950716,"issueKey":"MIGSERV-523","htmlComment":"","orderId":973403,"canViewIssue":true,"executionStatus":"-1","cycleId":102448,"label":"","versionName":"1.1.1","versionId":136458,"component":"UI","projectKey":"MIGSERV","createdBy":"oardc-omsp_sg@oracle.com","comment":"","modifiedBy":"oardc-omsp_sg@oracle.com","id":1372923,"executionDefectCount":0,"cycleName":"UIAuto_2017-11-08 at 11-32","projectId":30516,"issueDescription":"<p>Create a new job<br/>\nCheck job details UI when status is in progress.<br/>\nCheck job details UI when status is completed.<\/p>\n\n\n","stepDefectCount":0,"totalDefectCount":0},{"summary":"UITestCases.MigrateJobs.RefreshJobList","issueId":3819785,"issueKey":"MIGSERV-322","htmlComment":"","orderId":973402,"canViewIssue":true,"executionStatus":"-1","cycleId":102448,"label":"","versionName":"1.1.1","versionId":136458,"component":"UI","projectKey":"MIGSERV","createdBy":"oardc-omsp_sg@oracle.com","comment":"","modifiedBy":"oardc-omsp_sg@oracle.com","id":1372882,"executionDefectCount":0,"cycleName":"UIAuto_2017-11-08 at 11-32","projectId":30516,"issueDescription":"<p>1.Login as user <br/>\n2. Click Migraiton Jobs tab.<br/>\n3. Check 2 buttons New Job, Refresh<br/>\n4. Check the job list's contents<\/p>","stepDefectCount":0,"totalDefectCount":0},{"summary":"UITestCases.MigrateJobs.NewOracleJobSSLEnable","issueId":4021695,"issueKey":"MIGSERV-642","htmlComment":"","orderId":973401,"canViewIssue":true,"executionStatus":"-1","cycleId":102448,"label":"","versionName":"1.1.1","versionId":136458,"component":"UI","projectKey":"MIGSERV","createdBy":"oardc-omsp_sg@oracle.com","comment":"","modifiedBy":"oardc-omsp_sg@oracle.com","id":1372908,"executionDefectCount":0,"cycleName":"UIAuto_2017-11-08 at 11-32","projectId":30516,"issueDescription":"<p>Test source and target with SSL connection<br/>\nSSL setup for source and target:<a href=\"https://confluence.oraclecorp.com/confluence/display/oardcwhole/Core+Migration+Program\" class=\"external-link\" rel=\"nofollow\">https://confluence.oraclecorp.com/confluence/display/oardcwhole/Core+Migration+Program<\/a><\/p>","stepDefectCount":0,"totalDefectCount":0},{"summary":"UITestCases.MigrateJobs.NewOracleJobAllSchemas","issueId":4419877,"issueKey":"MIGSERV-1173","htmlComment":"","orderId":973400,"canViewIssue":true,"executionStatus":"-1","cycleId":102448,"label":"","versionName":"1.1.1","versionId":136458,"component":"UI","projectKey":"MIGSERV","createdBy":"oardc-omsp_sg@oracle.com","comment":"","modifiedBy":"oardc-omsp_sg@oracle.com","id":1372907,"executionDefectCount":0,"cycleName":"UIAuto_2017-11-08 at 11-32","projectId":30516,"issueDescription":"<p>Create a new job<br/>\nUse default option: migrate all schemas.<\/p>\n\n","stepDefectCount":0,"totalDefectCount":0},{"summary":"UITestCases.MigrateJobs.NewOracleJob","issueId":3833190,"issueKey":"MIGSERV-336","htmlComment":"","orderId":973399,"canViewIssue":true,"executionStatus":"-1","cycleId":102448,"label":"","versionName":"1.1.1","versionId":136458,"component":"USERMOD","projectKey":"MIGSERV","createdBy":"oardc-omsp_sg@oracle.com","comment":"","modifiedBy":"oardc-omsp_sg@oracle.com","id":1372881,"executionDefectCount":0,"cycleName":"UIAuto_2017-11-08 at 11-32","projectId":30516,"stepDefectCount":0,"totalDefectCount":0},{"summary":"UITestCases.MigrateJobs.NewMySQLJob","issueId":4249762,"issueKey":"MIGSERV-889","htmlComment":"","orderId":973398,"canViewIssue":true,"executionStatus":"-1","cycleId":102448,"label":"","versionName":"1.1.1","versionId":136458,"component":"","projectKey":"MIGSERV","createdBy":"oardc-omsp_sg@oracle.com","comment":"","modifiedBy":"oardc-omsp_sg@oracle.com","id":1372880,"executionDefectCount":0,"cycleName":"UIAuto_2017-11-08 at 11-32","projectId":30516,"issueDescription":"<p>There is a notice when loading schema list on wizard page:<br/>\nShow loading message.<\/p>","stepDefectCount":0,"totalDefectCount":0},{"summary":"UITestCases.MigrateJobs.LoadingSchemaListNotice","issueId":4460738,"issueKey":"MIGSERV-1252","htmlComment":"","orderId":973397,"canViewIssue":true,"executionStatus":"-1","cycleId":102448,"label":"","versionName":"1.1.1","versionId":136458,"component":"USERMOD","projectKey":"MIGSERV","createdBy":"oardc-omsp_sg@oracle.com","comment":"","modifiedBy":"oardc-omsp_sg@oracle.com","id":1372906,"executionDefectCount":0,"cycleName":"UIAuto_2017-11-08 at 11-32","projectId":30516,"stepDefectCount":0,"totalDefectCount":0},{"summary":"UITestCases.MigrateJobs.LoadingDatabaseList","issueId":4249751,"issueKey":"MIGSERV-888","htmlComment":"","orderId":973396,"canViewIssue":true,"executionStatus":"-1","cycleId":102448,"label":"","versionName":"1.1.1","versionId":136458,"component":"","projectKey":"MIGSERV","createdBy":"oardc-omsp_sg@oracle.com","comment":"","modifiedBy":"oardc-omsp_sg@oracle.com","id":1372905,"executionDefectCount":0,"cycleName":"UIAuto_2017-11-08 at 11-32","projectId":30516,"issueDescription":"<p>There is a notice when loading schema list on wizard page:<br/>\nShow loading message.<\/p>","stepDefectCount":0,"totalDefectCount":0},{"summary":"UITestCases.MigrateJobs.JobProgressUpdate","issueId":3956960,"issueKey":"MIGSERV-537","htmlComment":"","orderId":973395,"canViewIssue":true,"executionStatus":"-1","cycleId":102448,"label":"","versionName":"1.1.1","versionId":136458,"component":"UI","projectKey":"MIGSERV","createdBy":"oardc-omsp_sg@oracle.com","comment":"","modifiedBy":"oardc-omsp_sg@oracle.com","id":1372904,"executionDefectCount":0,"cycleName":"UIAuto_2017-11-08 at 11-32","projectId":30516,"issueDescription":"<p>Verify job progress is updated in UI<br/>\n1. Create a new job.<br/>\n2. Refresh the page manually or automatically.<br/>\nSee if job progress update to UI correctly.<\/p>","stepDefectCount":0,"totalDefectCount":0},{"summary":"UITestCases.MigrateJobs.JoblistFilter","issueId":3997502,"issueKey":"MIGSERV-618","htmlComment":"","orderId":973394,"canViewIssue":true,"executionStatus":"-1","cycleId":102448,"label":"","versionName":"1.1.1","versionId":136458,"component":"","projectKey":"MIGSERV","createdBy":"oardc-omsp_sg@oracle.com","comment":"","modifiedBy":"oardc-omsp_sg@oracle.com","id":1372903,"executionDefectCount":0,"cycleName":"UIAuto_2017-11-08 at 11-32","projectId":30516,"issueDescription":"<p>Test filter function in Migration job list page.<br/>\nDoD:<br/>\nEach time input a char in \"job name\" , fuzzy query and filter jobs correctly<br/>\nTransfer the filter as a parameter from a URL<br/>\nCombine multi filter factors and get correct job list<\/p>\n\n<p>1. filter by Job Name()<br/>\n2. filter by Job Status.<br/>\n3. filter by Start Date: from to<br/>\n4. click \"Filter\" icon to clear all filter parameters.<\/p>\n\n","stepDefectCount":0,"totalDefectCount":0},{"summary":"UITestCases.MigrateJobs.CheckTargetUserPrivilegeForOracleDBMigration","issueId":4413461,"issueKey":"MIGSERV-1166","htmlComment":"","orderId":973393,"canViewIssue":true,"executionStatus":"-1","cycleId":102448,"label":"","versionName":"1.1.1","versionId":136458,"component":"USERMOD","projectKey":"MIGSERV","createdBy":"oardc-omsp_sg@oracle.com","comment":"","modifiedBy":"oardc-omsp_sg@oracle.com","id":1372902,"executionDefectCount":0,"cycleName":"UIAuto_2017-11-08 at 11-32","projectId":30516,"stepDefectCount":0,"totalDefectCount":0},{"summary":"UITestCases.MigrateJobs.CheckTargetUserPrivilegeForMySQLDBMigration","issueId":4282762,"issueKey":"MIGSERV-993","htmlComment":"","orderId":973392,"canViewIssue":true,"executionStatus":"-1","cycleId":102448,"label":"","versionName":"1.1.1","versionId":136458,"component":"","projectKey":"MIGSERV","createdBy":"oardc-omsp_sg@oracle.com","comment":"","modifiedBy":"oardc-omsp_sg@oracle.com","id":1372879,"executionDefectCount":0,"cycleName":"UIAuto_2017-11-08 at 11-32","projectId":30516,"issueDescription":"<p>This test case for Check target user privilege, the target databae user privilege is like: CREATE USER 'yuhong'@'%'IDENTIFIED BY 'Welcome1';<br/>\nGRANT ALL PRIVILEGES ON mysql.* TO 'yuhong'@'%'; to pass test connection step, then, check the precheck step.<\/p>","stepDefectCount":0,"totalDefectCount":0},{"summary":"UITestCases.MigrateJobs.CheckTargetSchemasExistenceForOracleDBMigration","issueId":4334574,"issueKey":"MIGSERV-1061","htmlComment":"","orderId":973391,"canViewIssue":true,"executionStatus":"-1","cycleId":102448,"label":"","versionName":"1.1.1","versionId":136458,"component":"USERMOD","projectKey":"MIGSERV","createdBy":"oardc-omsp_sg@oracle.com","comment":"","modifiedBy":"oardc-omsp_sg@oracle.com","id":1372901,"executionDefectCount":0,"cycleName":"UIAuto_2017-11-08 at 11-32","projectId":30516,"stepDefectCount":0,"totalDefectCount":0},{"summary":"UITestCases.MigrateJobs.CheckSourceUserPrivilegeForOracleDBMigration","issueId":4413539,"issueKey":"MIGSERV-1164","htmlComment":"","orderId":973390,"canViewIssue":true,"executionStatus":"-1","cycleId":102448,"label":"","versionName":"1.1.1","versionId":136458,"component":"USERMOD","projectKey":"MIGSERV","createdBy":"oardc-omsp_sg@oracle.com","comment":"","modifiedBy":"oardc-omsp_sg@oracle.com","id":1372900,"executionDefectCount":0,"cycleName":"UIAuto_2017-11-08 at 11-32","projectId":30516,"stepDefectCount":0,"totalDefectCount":0},{"summary":"UITestCases.MigrateJobs.CheckSourceUserPrivilegeForMySQLDBMigration","issueId":4282748,"issueKey":"MIGSERV-988","htmlComment":"","orderId":973389,"canViewIssue":true,"executionStatus":"-1","cycleId":102448,"label":"","versionName":"1.1.1","versionId":136458,"component":"","projectKey":"MIGSERV","createdBy":"oardc-omsp_sg@oracle.com","comment":"","modifiedBy":"oardc-omsp_sg@oracle.com","id":1372899,"executionDefectCount":0,"cycleName":"UIAuto_2017-11-08 at 11-32","projectId":30516,"issueDescription":"<p>This test case for Check source user privilege, the source databae user privilege is like: CREATE USER 'yuhong'@'%'IDENTIFIED BY 'Welcome1';<br/>\nGRANT ALL PRIVILEGES ON mysql.* TO 'yuhong'@'%'; to pass test connection step, then, check the precheck step.<\/p>","stepDefectCount":0,"totalDefectCount":0},{"summary":"UITestCases.MigrateJobs.CheckEstimateDBMigrationTimeForOracleDBMigration","issueId":4413521,"issueKey":"MIGSERV-1162","htmlComment":"","orderId":973388,"canViewIssue":true,"executionStatus":"-1","cycleId":102448,"label":"","versionName":"1.1.1","versionId":136458,"component":"USERMOD","projectKey":"MIGSERV","createdBy":"oardc-omsp_sg@oracle.com","comment":"","modifiedBy":"oardc-omsp_sg@oracle.com","id":1372898,"executionDefectCount":0,"cycleName":"UIAuto_2017-11-08 at 11-32","projectId":30516,"stepDefectCount":0,"totalDefectCount":0},{"summary":"UITestCases.MigrateJobs.CheckEstimateDBMigrationTimeForMySQLDBMigration","issueId":4413527,"issueKey":"MIGSERV-1163","htmlComment":"","orderId":973387,"canViewIssue":true,"executionStatus":"-1","cycleId":102448,"label":"","versionName":"1.1.1","versionId":136458,"component":"USERMOD","projectKey":"MIGSERV","createdBy":"oardc-omsp_sg@oracle.com","comment":"","modifiedBy":"oardc-omsp_sg@oracle.com","id":1372897,"executionDefectCount":0,"cycleName":"UIAuto_2017-11-08 at 11-32","projectId":30516,"stepDefectCount":0,"totalDefectCount":0},{"summary":"UITestCases.MigrateJobs.AllOraclePreCheckItemsPass","issueId":4460703,"issueKey":"MIGSERV-1251","htmlComment":"","orderId":973386,"canViewIssue":true,"executionStatus":"-1","cycleId":102448,"label":"","versionName":"1.1.1","versionId":136458,"component":"USERMOD","projectKey":"MIGSERV","createdBy":"oardc-omsp_sg@oracle.com","comment":"","modifiedBy":"oardc-omsp_sg@oracle.com","id":1372896,"executionDefectCount":0,"cycleName":"UIAuto_2017-11-08 at 11-32","projectId":30516,"stepDefectCount":0,"totalDefectCount":0},{"summary":"UITestCases.logout.UserLogOut","issueId":3630524,"issueKey":"MIGSERV-170","htmlComment":"","orderId":973385,"canViewIssue":true,"executionStatus":"-1","cycleId":102448,"label":"UI","versionName":"1.1.1","versionId":136458,"component":"UI","projectKey":"MIGSERV","createdBy":"oardc-omsp_sg@oracle.com","comment":"","modifiedBy":"oardc-omsp_sg@oracle.com","id":1372878,"executionDefectCount":0,"cycleName":"UIAuto_2017-11-08 at 11-32","projectId":30516,"issueDescription":"<p>Create Test case for sign-out<\/p>","stepDefectCount":0,"totalDefectCount":0},{"summary":"UITestCases.login.RememberUserName","issueId":3650057,"issueKey":"MIGSERV-187","htmlComment":"","orderId":973384,"canViewIssue":true,"executionStatus":"-1","cycleId":102448,"label":"UI, login","versionName":"1.1.1","versionId":136458,"component":"UI","projectKey":"MIGSERV","createdBy":"oardc-omsp_sg@oracle.com","comment":"","modifiedBy":"oardc-omsp_sg@oracle.com","id":1372895,"executionDefectCount":0,"cycleName":"UIAuto_2017-11-08 at 11-32","projectId":30516,"issueDescription":"<p>Admin user log in<\/p>","stepDefectCount":0,"totalDefectCount":0},{"summary":"UITestCases.dashboard.LastOneWeekJobsStatusForAdmin","issueId":3914241,"issueKey":"MIGSERV-454","htmlComment":"","orderId":973383,"canViewIssue":true,"executionStatus":"-1","cycleId":102448,"label":"MS-UI-Automation","versionName":"1.1.1","versionId":136458,"component":"","projectKey":"MIGSERV","createdBy":"oardc-omsp_sg@oracle.com","comment":"","modifiedBy":"oardc-omsp_sg@oracle.com","id":1372894,"executionDefectCount":0,"cycleName":"UIAuto_2017-11-08 at 11-32","projectId":30516,"issueDescription":"<p>Check all Jobs Status for admin.<\/p>","stepDefectCount":0,"totalDefectCount":0},{"summary":"UITestCases.dashboard.LastOneMonthJobsStatusForAdmin","issueId":3914243,"issueKey":"MIGSERV-455","htmlComment":"","orderId":973382,"canViewIssue":true,"executionStatus":"-1","cycleId":102448,"label":"MS-UI-Automation","versionName":"1.1.1","versionId":136458,"component":"","projectKey":"MIGSERV","createdBy":"oardc-omsp_sg@oracle.com","comment":"","modifiedBy":"oardc-omsp_sg@oracle.com","id":1372893,"executionDefectCount":0,"cycleName":"UIAuto_2017-11-08 at 11-32","projectId":30516,"issueDescription":"<p>Check all Jobs Status for admin.<\/p>","stepDefectCount":0,"totalDefectCount":0},{"summary":"UITestCases.dashboard.LastOneDayJobsStatusForAdmin","issueId":3914235,"issueKey":"MIGSERV-453","htmlComment":"","orderId":973381,"canViewIssue":true,"executionStatus":"-1","cycleId":102448,"label":"MS-UI-Automation","versionName":"1.1.1","versionId":136458,"component":"","projectKey":"MIGSERV","createdBy":"oardc-omsp_sg@oracle.com","comment":"","modifiedBy":"oardc-omsp_sg@oracle.com","id":1372892,"executionDefectCount":0,"cycleName":"UIAuto_2017-11-08 at 11-32","projectId":30516,"issueDescription":"<p>Check all Jobs Status for admin.<\/p>","stepDefectCount":0,"totalDefectCount":0},{"summary":"UITestCases.dashboard.ChangeDateFilterFrequentlyOnJobsStatusPanel","issueId":3914259,"issueKey":"MIGSERV-456","htmlComment":"","orderId":973380,"canViewIssue":true,"executionStatus":"-1","cycleId":102448,"label":"MS-UI-Automation","versionName":"1.1.1","versionId":136458,"component":"","projectKey":"MIGSERV","createdBy":"oardc-omsp_sg@oracle.com","comment":"","modifiedBy":"oardc-omsp_sg@oracle.com","id":1372877,"executionDefectCount":0,"cycleName":"UIAuto_2017-11-08 at 11-32","projectId":30516,"issueDescription":"<p>Check all Jobs Status for admin.<\/p>","stepDefectCount":0,"totalDefectCount":0},{"summary":"UITestCases.dashboard.AllJobsStatusForUser","issueId":3552577,"issueKey":"MIGSERV-89","htmlComment":"","orderId":973379,"canViewIssue":true,"executionStatus":"-1","cycleId":102448,"label":"MS-UI-Automation","versionName":"1.1.1","versionId":136458,"component":"","projectKey":"MIGSERV","createdBy":"oardc-omsp_sg@oracle.com","comment":"","modifiedBy":"oardc-omsp_sg@oracle.com","id":1372876,"executionDefectCount":0,"cycleName":"UIAuto_2017-11-08 at 11-32","projectId":30516,"issueDescription":"<p>Check all Jobs Status for admin.<\/p>","stepDefectCount":0,"totalDefectCount":0},{"summary":"UITestCases.dashboard.UserDashboard","issueId":3649949,"issueKey":"MIGSERV-181","htmlComment":"","orderId":973378,"canViewIssue":true,"executionStatus":"-1","cycleId":102448,"label":"","versionName":"1.1.1","versionId":136458,"component":"UI","projectKey":"MIGSERV","createdBy":"oardc-omsp_sg@oracle.com","comment":"","modifiedBy":"oardc-omsp_sg@oracle.com","id":1372875,"executionDefectCount":0,"cycleName":"UIAuto_2017-11-08 at 11-32","projectId":30516,"issueDescription":"<p>1 Check the dashboard for signed-in user <br/>\n2 Check the UI layout, display, text show correctly. and won't clapse when browser size is changed or display resolution is changed.<br/>\n3 Check user interaction, page navigation work as expected.<\/p>","stepDefectCount":0,"totalDefectCount":0},{"summary":"UITestCases.about.VerifyAboutUs","issueId":4263792,"issueKey":"MIGSERV-906","htmlComment":"","orderId":973377,"canViewIssue":true,"executionStatus":"-1","cycleId":102448,"label":"","versionName":"1.1.1","versionId":136458,"component":"UI","projectKey":"MIGSERV","createdBy":"oardc-omsp_sg@oracle.com","comment":"","modifiedBy":"oardc-omsp_sg@oracle.com","id":1372874,"executionDefectCount":0,"cycleName":"UIAuto_2017-11-08 at 11-32","projectId":30516,"issueDescription":"<p>Make sure about us information is displayed and correct<\/p>","stepDefectCount":0,"totalDefectCount":0},{"summary":"UITestCases.login.UserLogin","issueId":3650015,"issueKey":"MIGSERV-183","htmlComment":"","orderId":973376,"canViewIssue":true,"executionStatus":"-1","cycleId":102448,"label":"UI, login","versionName":"1.1.1","versionId":136458,"component":"UI","projectKey":"MIGSERV","createdBy":"oardc-omsp_sg@oracle.com","comment":"","modifiedBy":"oardc-omsp_sg@oracle.com","id":1372891,"executionDefectCount":0,"cycleName":"UIAuto_2017-11-08 at 11-32","projectId":30516,"issueDescription":"<p>Admin user log in<\/p>","stepDefectCount":0,"totalDefectCount":0}]
{"id":1372878,"orderId":973385,"executionStatus":"1","executedOn":"Today 7:32 PM","executedBy":"oardc-omsp_sg@oracle.com","executedByDisplay":"oardc-omsp_sg@oracle.com","comment":"execute test","htmlComment":"execute test","cycleId":102448,"cycleName":"UIAuto_2017-11-08 at 11-32","versionId":136458,"versionName":"1.1.1","projectId":30516,"createdBy":"oardc-omsp_sg@oracle.com","modifiedBy":"oardc-omsp_sg@oracle.com","issueId":3630524,"issueKey":"MIGSERV-170","summary":"UITestCases.logout.UserLogOut","issueDescription":"<p>Create Test case for sign-out</p>","label":"UI","component":"UI","projectKey":"MIGSERV","canViewIssue":true}
Update test execution successfully
{"id":1372891,"orderId":973376,"executionStatus":"1","executedOn":"Today 7:32 PM","executedBy":"oardc-omsp_sg@oracle.com","executedByDisplay":"oardc-omsp_sg@oracle.com","comment":"execute test","htmlComment":"execute test","cycleId":102448,"cycleName":"UIAuto_2017-11-08 at 11-32","versionId":136458,"versionName":"1.1.1","projectId":30516,"createdBy":"oardc-omsp_sg@oracle.com","modifiedBy":"oardc-omsp_sg@oracle.com","issueId":3650015,"issueKey":"MIGSERV-183","summary":"UITestCases.login.UserLogin","issueDescription":"<p>Admin user log in</p>","label":"UI, login","component":"UI","projectKey":"MIGSERV","canViewIssue":true}
Update test execution successfully
]]></system-out>
  <system-err><![CDATA[]]></system-err>
</testsuite>
