<?xml version="1.0" encoding="UTF-8" ?>
<testsuite errors="0" failures="0" hostname="BEIWAN-CN" name="UITestCases.admin.AddApplicationandFlow" skipped="0" tests="1" time="608.072" timestamp="2018-07-23T07:19:49">
  <properties>
[...]
</properties>
  <testcase classname="UITestCases.admin.AddApplicationandFlow" name="test" time="600.035" />
  <system-out><![CDATA[15:19:49.877 [main] framework.global.Configuration.init(Configuration.java:56)evel Configuration Initializing...
15:19:49.890 [main] framework.global.Configuration.parseXML(Configuration.java:720)evel Reading server and Hardware info...
15:19:49.891 [main] framework.global.Configuration.parseXML(Configuration.java:750)evel ServerConfig.xml is parsed successfully.
15:19:49.892 [main] framework.global.Configuration.getlibrarydata(Configuration.java:832)evel Set SrvConfig successfully.
15:19:49.994 [main] framework.global.Configuration.init(Configuration.java:56)evel Configuration Initializing...
15:19:49.999 [main] framework.global.Configuration.parseXML(Configuration.java:720)evel Reading server and Hardware info...
15:19:50.000 [main] framework.global.Configuration.parseXML(Configuration.java:750)evel ServerConfig.xml is parsed successfully.
15:19:50.000 [main] framework.global.Configuration.getlibrarydata(Configuration.java:832)evel Set SrvConfig successfully.
15:19:50.001 [main] UITestCases.admin.AddApplicationandFlow.setUpBeforeClass(AddApplicationandFlow.java:43)evel use wercker to create application:
15:19:58.016 [main] UITestCases.admin.AddApplicationandFlow.test(AddApplicationandFlow.java:68)evel read file:
15:19:58.018 [main] UITestCases.admin.AddApplicationandFlow.test(AddApplicationandFlow.java:72)evel open wercher:
15:20:03.084 [main] UITestCases.admin.AddApplicationandFlow.test(AddApplicationandFlow.java:92)evel input the wercher username from file:
15:20:03.239 [main] UITestCases.admin.AddApplicationandFlow.test(AddApplicationandFlow.java:95)evel input the wercher password from file:
15:20:03.383 [main] UITestCases.admin.AddApplicationandFlow.test(AddApplicationandFlow.java:98)evel click lgoin github :
15:20:08.370 [main] UITestCases.admin.AddApplicationandFlow.test(AddApplicationandFlow.java:100)evel input github username from file:
15:20:08.524 [main] UITestCases.admin.AddApplicationandFlow.test(AddApplicationandFlow.java:104)evel input github password from file :
15:20:08.648 [main] UITestCases.admin.AddApplicationandFlow.test(AddApplicationandFlow.java:107)evel click github login button :
15:20:15.391 [main] UITestCases.admin.AddApplicationandFlow.test(AddApplicationandFlow.java:111)evel if the authorize button display click it:
15:20:18.413 [main] UITestCases.admin.AddApplicationandFlow.test(AddApplicationandFlow.java:117)evel click the plus to create application:
15:20:18.495 [main] UITestCases.admin.AddApplicationandFlow.test(AddApplicationandFlow.java:119)evel dropdown list choose create application:
15:20:28.597 [main] UITestCases.admin.AddApplicationandFlow.test(AddApplicationandFlow.java:124)evel click select scm GitHub :
15:20:38.657 [main] UITestCases.admin.AddApplicationandFlow.test(AddApplicationandFlow.java:127)evel click select scm GitHub page next button:
15:20:48.749 [main] UITestCases.admin.AddApplicationandFlow.test(AddApplicationandFlow.java:130)evel select repository:
15:20:59.067 [main] UITestCases.admin.AddApplicationandFlow.test(AddApplicationandFlow.java:135)evel in select repository click next button:
15:21:09.119 [main] UITestCases.admin.AddApplicationandFlow.test(AddApplicationandFlow.java:138)evel select setup ssh key
15:21:19.190 [main] UITestCases.admin.AddApplicationandFlow.test(AddApplicationandFlow.java:141)evel in select setup ssh key page click next button:
15:21:29.245 [main] UITestCases.admin.AddApplicationandFlow.test(AddApplicationandFlow.java:144)evel select public checkbox:
15:21:39.308 [main] UITestCases.admin.AddApplicationandFlow.test(AddApplicationandFlow.java:147)evel click create button:
15:21:54.371 [main] UITestCases.admin.AddApplicationandFlow.test(AddApplicationandFlow.java:154)evel click wercher img:
15:21:59.473 [main] UITestCases.admin.AddApplicationandFlow.test(AddApplicationandFlow.java:157)evel click the exist application:
15:22:04.582 [main] UITestCases.admin.AddApplicationandFlow.test(AddApplicationandFlow.java:161)evel click the Enviroment tab:
15:22:09.662 [main] UITestCases.admin.AddApplicationandFlow.test(AddApplicationandFlow.java:165)evel Add SONAR_URL
15:22:26.150 [main] UITestCases.admin.AddApplicationandFlow.test(AddApplicationandFlow.java:177)evel Add SONAR_PROJECT_KEY
15:22:42.638 [main] UITestCases.admin.AddApplicationandFlow.test(AddApplicationandFlow.java:189)evel Add OCIR_USERNAME
15:22:59.069 [main] UITestCases.admin.AddApplicationandFlow.test(AddApplicationandFlow.java:201)evel Add OCIR_PASSWORD
15:23:18.862 [main] UITestCases.admin.AddApplicationandFlow.test(AddApplicationandFlow.java:216)evel Add OCIR_TAG
15:23:33.138 [main] UITestCases.admin.AddApplicationandFlow.test(AddApplicationandFlow.java:228)evel Add OCIR_REPOSITORY
15:23:47.595 [main] UITestCases.admin.AddApplicationandFlow.test(AddApplicationandFlow.java:240)evel Add OKE_NAME_PREFIX
15:24:01.975 [main] UITestCases.admin.AddApplicationandFlow.test(AddApplicationandFlow.java:252)evel Add OKE_USER_OCID
15:24:16.692 [main] UITestCases.admin.AddApplicationandFlow.test(AddApplicationandFlow.java:264)evel Add OKE_USER_FINGERPRINT
15:24:31.346 [main] UITestCases.admin.AddApplicationandFlow.test(AddApplicationandFlow.java:276)evel Add OKE_API_KEY
15:25:04.199 [main] UITestCases.admin.AddApplicationandFlow.test(AddApplicationandFlow.java:292)evel Add OKE_TENANCY_OCID
15:25:19.764 [main] UITestCases.admin.AddApplicationandFlow.test(AddApplicationandFlow.java:304)evel Add OKE_REGION
15:25:40.080 [main] UITestCases.admin.AddApplicationandFlow.test(AddApplicationandFlow.java:316)evel Add OKE_COMPARTMENT_OCID
15:26:00.858 [main] UITestCases.admin.AddApplicationandFlow.test(AddApplicationandFlow.java:329)evel Add OCIR_REGISTORY
15:26:21.302 [main] UITestCases.admin.AddApplicationandFlow.test(AddApplicationandFlow.java:344)evel click wercher img:
15:26:26.411 [main] UITestCases.admin.AddApplicationandFlow.test(AddApplicationandFlow.java:347)evel click the exist application:
15:26:31.509 [main] UITestCases.admin.AddApplicationandFlow.test(AddApplicationandFlow.java:351)evel click the workflows tab:
15:26:36.584 [main] UITestCases.admin.AddApplicationandFlow.test(AddApplicationandFlow.java:354)evel click the add new pipeline:
15:26:41.697 [main] UITestCases.admin.AddApplicationandFlow.test(AddApplicationandFlow.java:357)evel choose hook type default:
15:26:51.778 [main] UITestCases.admin.AddApplicationandFlow.test(AddApplicationandFlow.java:366)evel input the pipeline name push-to-registry :
15:26:56.972 [main] UITestCases.admin.AddApplicationandFlow.test(AddApplicationandFlow.java:371)evel input the YML pipeline name push-to-registry:
15:27:02.136 [main] UITestCases.admin.AddApplicationandFlow.test(AddApplicationandFlow.java:375)evel click create pipeline button:
15:27:07.232 [main] UITestCases.admin.AddApplicationandFlow.test(AddApplicationandFlow.java:379)evel click the workflows tab:
15:27:12.318 [main] UITestCases.admin.AddApplicationandFlow.test(AddApplicationandFlow.java:382)evel click the add new pipeline:
15:27:17.441 [main] UITestCases.admin.AddApplicationandFlow.test(AddApplicationandFlow.java:385)evel choose hook type default:
15:27:27.523 [main] UITestCases.admin.AddApplicationandFlow.test(AddApplicationandFlow.java:390)evel input the pipeline name provision-oke :
15:27:32.783 [main] UITestCases.admin.AddApplicationandFlow.test(AddApplicationandFlow.java:395)evel input the YML pipeline name provision-oke:
15:27:38.035 [main] UITestCases.admin.AddApplicationandFlow.test(AddApplicationandFlow.java:399)evel click create pipeline button:
15:27:43.127 [main] UITestCases.admin.AddApplicationandFlow.test(AddApplicationandFlow.java:403)evel click the workflows tab:
15:27:48.285 [main] UITestCases.admin.AddApplicationandFlow.test(AddApplicationandFlow.java:406)evel click the add new pipeline:
15:27:53.645 [main] UITestCases.admin.AddApplicationandFlow.test(AddApplicationandFlow.java:409)evel choose hook type default:
15:28:03.727 [main] UITestCases.admin.AddApplicationandFlow.test(AddApplicationandFlow.java:414)evel input the pipeline name deploy-oke:
15:28:08.933 [main] UITestCases.admin.AddApplicationandFlow.test(AddApplicationandFlow.java:419)evel input the YML pipeline name deploy-oke:
15:28:14.083 [main] UITestCases.admin.AddApplicationandFlow.test(AddApplicationandFlow.java:423)evel click create pipeline button:
15:28:19.165 [main] UITestCases.admin.AddApplicationandFlow.test(AddApplicationandFlow.java:427)evel click the workflows tab:
15:28:24.244 [main] UITestCases.admin.AddApplicationandFlow.test(AddApplicationandFlow.java:430)evel click the add new pipeline:
15:28:29.412 [main] UITestCases.admin.AddApplicationandFlow.test(AddApplicationandFlow.java:433)evel choose hook type default:
15:28:39.492 [main] UITestCases.admin.AddApplicationandFlow.test(AddApplicationandFlow.java:438)evel input the pipeline name test:
15:28:44.697 [main] UITestCases.admin.AddApplicationandFlow.test(AddApplicationandFlow.java:443)evel input the YML pipeline name test:
15:28:49.841 [main] UITestCases.admin.AddApplicationandFlow.test(AddApplicationandFlow.java:447)evel click create pipeline button:
15:28:54.937 [main] UITestCases.admin.AddApplicationandFlow.test(AddApplicationandFlow.java:452)evel click the workflows tab:
15:29:00.060 [main] UITestCases.admin.AddApplicationandFlow.test(AddApplicationandFlow.java:455)evel click the add new pipeline:
15:29:05.234 [main] UITestCases.admin.AddApplicationandFlow.test(AddApplicationandFlow.java:458)evel choose hook type default:
15:29:15.309 [main] UITestCases.admin.AddApplicationandFlow.test(AddApplicationandFlow.java:463)evel input the pipeline name destroy-oke:
15:29:20.575 [main] UITestCases.admin.AddApplicationandFlow.test(AddApplicationandFlow.java:468)evel input the YML pipeline name destroy-oke:
15:29:25.750 [main] UITestCases.admin.AddApplicationandFlow.test(AddApplicationandFlow.java:472)evel click create pipeline button:
15:29:30.858 [main] UITestCases.admin.AddApplicationandFlow.test(AddApplicationandFlow.java:477)evel click the workflows tab:
15:29:35.954 [main] UITestCases.admin.AddApplicationandFlow.test(AddApplicationandFlow.java:480)evel add workflow push-to-registry:
15:29:39.682 [main] UITestCases.admin.AddApplicationandFlow.test(AddApplicationandFlow.java:487)evel add wrokflow provision-oke:
15:29:43.324 [main] UITestCases.admin.AddApplicationandFlow.test(AddApplicationandFlow.java:495)evel add wrokflow deploy-oke:
15:29:46.963 [main] UITestCases.admin.AddApplicationandFlow.test(AddApplicationandFlow.java:503)evel add wrokflow test:
]]></system-out>
  <system-err><![CDATA[Starting ChromeDriver 2.37.544315 (730aa6a5fdba159ac9f4c1e8cbc59bf1b5ce12b7) on port 18617
Only local connections are allowed.
Jul 23, 2018 3:19:49 PM org.openqa.selenium.remote.ProtocolHandshake createSession
INFO: Detected dialect: OSS
]]></system-err>
</testsuite>
